g:\cppfinal\cppfinaltetris\cppteris\cppteris\debug\vc120.pdb
g:\cppfinal\cppfinaltetris\cppteris\cppteris\debug\myform.obj
g:\cppfinal\cppfinaltetris\cppteris\cppteris\debug\blockitem.obj
g:\cppfinal\cppfinaltetris\cppteris\cppteris\debug\cppteris.myform.resources
g:\cppfinal\cppfinaltetris\cppteris\debug\cppteris.exe
g:\cppfinal\cppfinaltetris\cppteris\debug\cppteris.pdb
g:\cppfinal\cppfinaltetris\cppteris\cppteris\debug\cppteris.vcxproj.generateresource.cache
g:\cppfinal\cppfinaltetris\cppteris\cppteris\debug\cppteris.vcxprojresolveassemblyreference.cache
g:\cppfinal\cppfinaltetris\cppteris\cppteris\debug\cppteris.tlog\cl.command.1.tlog
g:\cppfinal\cppfinaltetris\cppteris\cppteris\debug\cppteris.tlog\cl.read.1.tlog
g:\cppfinal\cppfinaltetris\cppteris\cppteris\debug\cppteris.tlog\cl.write.1.tlog
g:\cppfinal\cppfinaltetris\cppteris\cppteris\debug\cppteris.tlog\cppteris.write.1u.tlog
g:\cppfinal\cppfinaltetris\cppteris\cppteris\debug\cppteris.tlog\link.8856.read.1.tlog
g:\cppfinal\cppfinaltetris\cppteris\cppteris\debug\cppteris.tlog\link.8856.write.1.tlog
g:\cppfinal\cppfinaltetris\cppteris\cppteris\debug\cppteris.tlog\link.command.1.tlog
g:\cppfinal\cppfinaltetris\cppteris\cppteris\debug\cppteris.tlog\link.read.1.tlog
g:\cppfinal\cppfinaltetris\cppteris\cppteris\debug\cppteris.tlog\link.write.1.tlog
g:\cppfinal\cppfinaltetris\cppteris\cppteris\debug\cppteris.tlog\metagen.read.1.tlog
g:\cppfinal\cppfinaltetris\cppteris\cppteris\debug\cppteris.tlog\metagen.write.1.tlog
g:\cppfinal\cppfinaltetris\cppteris\cppteris\debug\cppteris.tlog\tzres.dll.bi
