Build started 2017/6/11 22:32:50.
     1>Project "E:\Android\CppFinalTetris\CppTetris\CppTetris\CppTetris.vcxproj" on node 2 (Build target(s)).
     1>ClCompile:
         D:\vs\VC\bin\CL.exe /c /ZI /nologo /W3 /WX- /sdl /Od /Oy- /D WIN32 /D _DEBUG /D _CONSOLE /D _LIB /D _UNICODE /D UNICODE /Gm /EHsc /RTC1 /MDd /GS /fp:precise /Zc:wchar_t /Zc:forScope /Fo"Debug\\" /Fd"Debug\vc120.pdb" /Gd /TP /analyze- /errorReport:prompt Source.cpp
         Source.cpp
     1>e:\android\cppfinaltetris\cpptetris\cpptetris\source.cpp(76): warning C4244: '+=' : conversion from 'double' to 'int', possible loss of data
     1>e:\android\cppfinaltetris\cpptetris\cpptetris\source.cpp(172): warning C4258: 'i' : definition from the for loop is ignored; the definition from the enclosing scope is used
                 e:\android\cppfinaltetris\cpptetris\cpptetris\source.cpp(168) : definition of 'i' ignored
                 e:\android\cppfinaltetris\cpptetris\cpptetris\source.cpp(142) : definition of 'i' used
     1>e:\android\cppfinaltetris\cpptetris\cpptetris\source.cpp(174): warning C4258: 'i' : definition from the for loop is ignored; the definition from the enclosing scope is used
                 e:\android\cppfinaltetris\cpptetris\cpptetris\source.cpp(168) : definition of 'i' ignored
                 e:\android\cppfinaltetris\cpptetris\cpptetris\source.cpp(142) : definition of 'i' used
     1>e:\android\cppfinaltetris\cpptetris\cpptetris\source.cpp(176): warning C4258: 'i' : definition from the for loop is ignored; the definition from the enclosing scope is used
                 e:\android\cppfinaltetris\cpptetris\cpptetris\source.cpp(168) : definition of 'i' ignored
                 e:\android\cppfinaltetris\cpptetris\cpptetris\source.cpp(142) : definition of 'i' used
     1>e:\android\cppfinaltetris\cpptetris\cpptetris\source.cpp(357): warning C4018: '<' : signed/unsigned mismatch
     1>e:\android\cppfinaltetris\cpptetris\cpptetris\source.cpp(364): warning C4018: '<' : signed/unsigned mismatch
     1>e:\android\cppfinaltetris\cpptetris\cpptetris\source.cpp(343): warning C4101: 'k' : unreferenced local variable
     1>e:\android\cppfinaltetris\cpptetris\cpptetris\source.cpp(424): warning C4018: '>=' : signed/unsigned mismatch
       Link:
         D:\vs\VC\bin\link.exe /ERRORREPORT:PROMPT /OUT:"E:\Android\CppFinalTetris\CppTetris\Debug\CppTetris.exe" /INCREMENTAL /NOLOGO kernel32.lib user32.lib gdi32.lib winspool.lib comdlg32.lib advapi32.lib shell32.lib ole32.lib oleaut32.lib uuid.lib odbc32.lib odbccp32.lib /MANIFEST /MANIFESTUAC:"level='asInvoker' uiAccess='false'" /manifest:embed /DEBUG /PDB:"E:\Android\CppFinalTetris\CppTetris\Debug\CppTetris.pdb" /SUBSYSTEM:CONSOLE /TLBID:1 /DYNAMICBASE /NXCOMPAT /IMPLIB:"E:\Android\CppFinalTetris\CppTetris\Debug\CppTetris.lib" /MACHINE:X86 Debug\Source.obj
         CppTetris.vcxproj -> E:\Android\CppFinalTetris\CppTetris\Debug\CppTetris.exe
     1>Done Building Project "E:\Android\CppFinalTetris\CppTetris\CppTetris\CppTetris.vcxproj" (Build target(s)).

Build succeeded.

Time Elapsed 00:00:02.07
